20240119	00:35:34	b0c5b756-f3e0-4244-8b05-3e2b0a43a878	GET	/	undefined
20240119	00:36:21	c943bf15-f3de-4925-8736-f848d645f4ba	GET	/	undefined
20240119	00:43:25	1cacd9c2-592f-40e5-a8e4-7bd2debb57ee	GET	/	undefined
20240119	00:44:51	de53fac5-3164-4540-9b08-b9dd62f60350	GET	/	undefined
20240119	00:45:03	a4bedd76-9e24-4db9-9a89-f7408f2d7ed4	GET	/api/v1/h	undefined
20240119	00:45:20	9b227a18-be52-47d5-9857-59d3c75a0ad7	GET	/api/v1/h	undefined
20240119	00:48:09	44cdca5b-c195-4cb4-85be-f9cf026f3354	GET	/api/v1/h	undefined
20240119	00:48:09	209bc796-3010-4b8b-85bc-06bcd5d50b0b	GET	/api/v1/css/style.css	undefined
20240119	00:48:26	0d6007eb-1dd6-420a-8499-6febc15e9b9c	GET	/api/v1/	undefined
20240119	00:48:26	061e447f-b7b2-463a-a071-f691f1d03a6d	GET	/api/v1/css/style.css	undefined
20240119	00:48:34	c4146b4e-9867-4d14-879a-9fc0c449745f	GET	/	undefined
20240119	00:48:34	de30e58d-4fc3-4f5d-ba08-5fbf5b312370	GET	/css/style.css	undefined
20240119	00:53:04	3e4dea7f-4d47-4cab-9fb1-08cc74fc243d	GET	/	undefined
20240119	00:53:04	7bae7e5a-4021-4fe9-98e3-c6eaafaa5acb	GET	/css/style.css	undefined
20240119	00:54:24	6882dfa9-16d7-4fbf-ad13-a3a9fed379a5	GET	/	undefined
20240119	00:54:24	349a29b5-dbb3-4f78-bf6d-ee882cc0c5be	GET	/css/style.css	undefined
20240119	00:54:48	f47d4bb8-f56d-4294-bcb0-97c9df4bac10	GET	/	undefined
20240119	00:54:48	70cfd5f5-7243-4d44-8231-409b19e4d193	GET	/css/style.css	undefined
20240119	00:55:46	777f5585-2c7d-422a-9e06-109e26cb7b36	GET	/	undefined
20240119	00:55:46	ae6cc555-55e6-47d5-8cbc-703b131d4b4b	GET	/css/style.css	undefined
20240119	00:56:02	3f925343-19d7-4a64-a196-c7b93a37628a	GET	/	undefined
20240119	00:56:02	bb86b5d2-8e71-4e16-abdf-e21ee9b948ef	GET	/css/style.css	undefined
20240119	00:57:14	b17bfc2a-e175-4a67-bec7-0d8f30460284	GET	/	undefined
20240119	00:57:14	14717221-5e92-4b32-bd0d-4603c302be38	GET	/css/style.css	undefined
20240119	00:57:25	3d913cf2-eb90-4d45-8812-c63c4225efe3	GET	/	undefined
20240119	00:57:25	2cfc662c-58f1-4b1d-be07-be3f2c3dc891	GET	/css/style.css	undefined
20240119	00:57:38	a400454e-16c6-4d24-aed6-120d1f5bb16d	GET	/	undefined
20240119	00:57:38	9dc1b519-5ee9-4dcb-84a0-35096b36183d	GET	/css/style.css	undefined
20240119	00:57:51	a367ee12-0c11-4ab0-81b2-5dac034b9804	GET	/	undefined
20240119	00:57:51	2d0836e9-8a67-45fe-b579-ef720a4e8dda	GET	/css/style.css	undefined
20240119	00:58:13	08b55050-b872-4c31-a344-55ea19dbf917	GET	/	undefined
20240119	00:58:13	fd049652-6f7f-41a0-81a8-f9c01bf21c04	GET	/css/style.css	undefined
20240119	00:58:23	1174d0e4-8d45-4047-929f-507823717978	GET	/	undefined
20240119	00:58:23	85d1569e-ee45-4414-a450-740dd174e834	GET	/css/style.css	undefined
20240119	00:59:02	8992f1a3-bb47-422e-be32-f6ce01aaa442	GET	/	undefined
20240119	00:59:02	2c0dd142-c0dc-4043-aab4-1bc00e6c28a6	GET	/css/style.css	undefined
20240119	00:59:43	332de890-ca00-4408-80fe-b4b00cd7e2a9	GET	/	undefined
20240119	00:59:43	d8e8fbda-a7bf-4682-98ed-b9b32d22ba60	GET	/css/style.css	undefined
20240119	01:00:17	3aa8a4cd-43fd-4973-a58d-68272a261b33	GET	/	undefined
20240119	01:00:17	6d4f702f-454b-44d8-b355-57af92ad546e	GET	/css/style.css	undefined
20240119	01:18:38	f2e1d51a-38b0-412a-bb38-4166b55d376c	GET	/	undefined
20240119	01:18:38	e7043eb2-51bb-4f44-a481-2276e3a1bbda	GET	/css/style.css	undefined
20240119	01:19:12	ab203df7-43a2-4379-8310-be1adeae1ad6	GET	/	undefined
20240119	01:19:12	ca33072f-66c0-4126-9f11-dca367034dc2	GET	/css/style.css	undefined
20240119	01:39:27	9409a4e2-50e3-4a37-8f11-8852de710f97	GET	/	undefined
20240119	01:39:27	5d4046fa-0b82-4fae-b5df-534aebe08d98	GET	/css/style.css	undefined
20240119	01:40:39	5b750879-6832-4812-8eeb-06b6417381ce	GET	/	undefined
20240119	01:40:39	189b7d0a-d88a-4bee-a458-79343bbbfa72	GET	/css/style.css	undefined
20240119	01:40:52	cd9fceb1-a1f3-4ab3-8a23-55829e1aa80b	GET	/api	undefined
20240119	01:40:52	5909b274-7d64-4f5c-baa2-b98b51c3e83a	GET	/css/style.css	undefined
20240119	01:41:08	1202384d-4817-4f68-a148-bdf1feabfef9	GET	/	undefined
20240119	01:56:20	4d20b74f-c8b7-4110-b43a-0782f3971839	GET	/	undefined
20240119	01:56:20	7aad9dc1-ff1e-493f-b02a-a19e0de3d8eb	GET	/css/style.css	undefined
20240119	01:56:20	2d2287b8-a07c-4125-a5b2-6f9b8fb1278d	GET	/0	undefined
20240119	01:56:20	b2fc7cb9-5033-4db1-89bf-3e1495360927	GET	/css/style.css	undefined
20240119	02:01:03	63c7b9cc-fa51-4be9-ae58-87f251fe8f4d	GET	/0	undefined
20240119	02:01:03	7177a259-4472-42ad-b926-ee999c230386	GET	/css/style.css	undefined
20240119	02:01:04	11c27d52-3e9f-4e88-80ac-45a55f9cd527	GET	/0	undefined
20240119	02:01:04	82f90e3b-081b-457b-a0ef-83f4c170a99d	GET	/css/style.css	undefined
20240119	02:04:26	10270267-2b65-440b-9501-11e4671c03f7	GET	/0	undefined
20240119	02:04:26	4cfe7fb2-b303-4ac2-9722-3090044770d9	GET	/css/style.css	undefined
20240119	02:04:47	8e3be2f5-8277-4ef2-9c42-e4d3cb0a5dc8	GET	/0	undefined
20240119	02:04:47	d47a6480-e53b-432d-98dc-cad10dfee34e	GET	/css/style.css	undefined
20240119	02:05:18	00941cf4-ce46-4fe2-8e05-8f6cd48c7c4b	GET	/0	undefined
20240119	02:05:18	5b29da1b-d36b-42d8-9ce5-eb4c29b5a9e4	GET	/css/style.css	undefined
20240119	02:05:48	5b14523a-cf70-4ab0-ade9-9f066357990b	GET	/0	undefined
20240119	02:05:48	63928bc2-8d2c-44b0-9715-099aca5f5c2f	GET	/css/style.css	undefined
20240119	02:05:50	d24726de-c292-4be3-a0cc-a2a1e44397be	GET	/0	undefined
20240119	02:05:50	44d980af-ab33-4355-94eb-cd7f6ae4e5b7	GET	/css/style.css	undefined
20240119	02:07:18	afbf5b1f-846a-4d30-80f6-c29922676588	GET	/0	undefined
20240119	02:07:18	67064fd6-6e15-41b7-97e1-877ed3ca5ebf	GET	/backend/css/style.css	undefined
20240119	02:07:20	253aeb37-823f-42f7-8e69-aabcbc28b3d0	GET	/0	undefined
20240119	02:07:20	bea45040-1859-4de9-a8d4-ee5f860fad1d	GET	/backend/css/style.css	undefined
20240119	02:07:45	4e79ca54-5828-44a2-8a35-9110e46b64ae	GET	/0	undefined
20240119	02:07:45	4f332270-01fc-404e-85c0-42f504384ed3	GET	/backend/css/style.css	undefined
20240119	02:07:46	cb8cdc4b-6beb-4278-b3df-00738d581bb9	GET	/0	undefined
20240119	02:07:46	1164e363-5135-47ba-a38e-05c47a9e52ce	GET	/backend/css/style.css	undefined
20240119	02:08:17	7cdc11b7-9fd2-496b-a958-a18923e64a28	GET	/0	undefined
20240119	02:08:17	f33b6433-08ac-4b5e-85fa-c4cad77a1f4b	GET	/css/style.css	undefined
20240120	00:20:49	604c3086-fc8c-4e9d-893a-d9a846313807	GET	/	undefined
20240120	00:20:49	1bbc5675-ddb5-402d-8e6b-ceaff0078b9e	GET	/backend/public/css/style.css	undefined
20240120	00:21:15	42bce72d-531d-449c-8a67-9237661e4e42	GET	/	undefined
20240120	00:21:15	98908664-fb08-4826-abed-614e698e1ba8	GET	/backend/public/css/style.css	undefined
20240120	00:21:19	4a89af2e-4362-4280-ac0d-4d3fa1fc983a	GET	//api	undefined
20240120	00:21:19	b7c4cd07-d1b2-4807-acbd-c8c3f84e6208	GET	//css/style.css	undefined
20240120	00:22:43	fa022e19-5c99-41ee-bb68-87b6bc1a045a	GET	//api	undefined
20240120	00:22:45	cb054fd0-8a1d-4cb7-b364-0c76fe6459db	GET	//api	undefined
20240120	00:22:47	c884b4c0-f813-4ec7-901b-7499a7c3a1d3	GET	//api	undefined
20240120	00:22:48	5bb82b34-bc96-4418-a26d-e02b736c9788	GET	//api	undefined
20240120	00:22:59	3e382c7b-646c-40b8-97a6-b9184079480d	GET	//api	undefined
20240120	00:22:59	9706fc1f-36fa-48e1-8cfa-a3fd8ab53b2c	GET	//css/style.css	undefined
20240120	00:24:26	666eff02-81a9-429b-97b5-cfbfc112dcaa	GET	//api	undefined
20240120	00:24:26	9d86e7a7-eb5f-443c-a3c2-05dae38d5a08	GET	//css/style.css	undefined
20240120	00:24:31	e9ed28bc-1f94-4162-838e-59ce98eb5947	GET	/	undefined
20240120	00:24:31	34061ad0-022a-4fc1-935b-0f646b642152	GET	/css/style.css	undefined
20240120	00:25:22	3135d724-8153-43ea-a04a-1d6ac5bda6c1	GET	/	undefined
20240120	00:25:22	08ad56cd-93dd-4628-83d7-f85ed1c49c9d	GET	/css/style.css	undefined
20240120	00:25:23	59e1dffb-1644-4839-beb3-baecb097bdf6	GET	/	undefined
20240120	00:25:23	71f808d6-f46b-4081-b77e-acb8ae007e18	GET	/css/style.css	undefined
20240120	00:25:25	99e1ed41-cb29-4ab9-9a50-a4b7a0e405e8	GET	/	undefined
20240120	00:25:25	b90048ac-548c-4c01-b8bf-ac83ca3b39c2	GET	/css/style.css	undefined
20240120	00:25:28	abdb174c-4b6f-4635-b71a-2b4c01e5c1a3	GET	/	undefined
20240120	00:25:28	f3624049-30ae-4b75-94d6-09ba113874b2	GET	/css/style.css	undefined
20240120	00:25:29	6cebd994-6433-4cc2-8204-858dc60f6915	GET	/	undefined
20240120	00:25:29	47e46ed4-72ae-4ab0-bcc6-2564ecfd481c	GET	/css/style.css	undefined
20240120	00:26:46	51c175a8-9c2c-4f65-b291-e1d894550b55	GET	/	undefined
20240120	00:26:46	c066c12d-6d88-4c93-8ca2-ee6d9fce59cf	GET	/css/style.css	undefined
20240120	00:27:39	f23c3b0b-9e74-4175-8db8-cc0d33f0c3b2	GET	/	undefined
20240120	00:27:39	8923f902-aa47-4e70-82c3-013c97d46e51	GET	/css/style.css	undefined
20240120	00:34:51	f960cdcc-daf0-4a9c-bc86-3e9297e9421d	GET	/	undefined
20240120	00:34:51	37d700ce-8d51-494d-8c5d-569ef14d208e	GET	/css/style.css	undefined
20240120	00:34:53	66e267c7-3a61-4ff8-8f19-7f851bd98661	GET	/	undefined
20240120	00:34:53	8c9a887c-8af8-495c-bd20-2be4b1255334	GET	/css/style.css	undefined
20240120	00:37:05	58bc8be2-45f6-4ea0-8545-5f4bcc46e57b	GET	/	undefined
20240120	00:37:05	68b7f451-d10f-45c0-96ec-2784bbe89bf1	GET	/css/style.css	undefined
20240120	00:37:07	56ae5cbe-61be-41de-9312-29e81ad31a9a	GET	/	undefined
20240120	00:37:07	f1c22aa0-5000-4f00-9708-edad3f72f05f	GET	/css/style.css	undefined
20240120	00:37:09	ef4a68b1-02c5-4e2d-b6d5-bb7f07c4c9b6	GET	/o	undefined
20240120	00:37:09	2d9cfaba-f2b1-461a-9905-14c87ce42f31	GET	/css/style.css	undefined
20240120	00:37:42	1a0ad040-71f5-4267-993a-f5833d6fe0f0	GET	/o	undefined
20240120	00:37:42	ffa8f0be-945f-4711-96e4-264d8740537c	GET	/css/style.css	undefined
20240120	00:38:09	5fe5797f-7d88-4c90-8b71-b35d31f8a3e1	GET	/o	undefined
20240120	00:38:09	7e18e034-a0b9-4d39-829f-a626432417e6	GET	/css/style.css	undefined
20240120	00:39:05	6d85e1d4-7c8b-4a1c-8eec-4811f036a655	GET	/o	undefined
20240120	00:39:05	17389a56-11fd-4b5e-b4ac-9ea2fd2ec80d	GET	/css/style.css	undefined
20240120	00:39:17	045d6d7c-f24d-41cc-8199-e8890dde107d	GET	/o	undefined
20240120	00:39:17	40e9cddb-c058-482d-a1bf-2b16fe86f177	GET	/css/style.css	undefined
20240120	00:39:44	cb779206-a568-4e5b-b217-5005a67d9cfb	GET	/o	undefined
20240120	00:39:44	ddce79d9-868e-41dc-bde7-dc716dbd4a54	GET	/css/style.css	undefined
20240120	00:39:45	127b487c-aa9b-4909-8514-d6f373cfb6a4	GET	/o	undefined
20240120	00:39:45	d088ce77-e692-4f5c-afc4-bd83b0915c52	GET	/css/style.css	undefined
20240120	00:40:02	bd8a937d-ac8a-49bc-bcb7-4f64071584bc	GET	/o	undefined
20240120	00:40:02	85bd6b91-1f50-40b0-8099-674bfbd115db	GET	/css/style.css	undefined
20240120	00:40:18	a5e0e513-a3c7-48bc-b3f3-7a95fef00d2d	GET	/o	undefined
20240120	00:40:18	0f83278e-1b1d-42e9-823c-418fa119f083	GET	/css/style.css	undefined
20240120	00:40:31	aedfb5ee-0532-41c4-a996-3aea84741f25	GET	/o	undefined
20240120	00:40:31	b7074175-877a-4894-86e5-f5381b2322f2	GET	/css/style.css	undefined
20240120	00:40:50	255ae2db-4dda-47f3-a522-8fdfab53b482	GET	/o	undefined
20240120	00:40:50	6603523b-65b2-46ef-acdf-04fc567cde90	GET	/css/style.css	undefined
20240120	00:40:52	be13b63f-559e-4045-9e1b-391ccf04e4a5	GET	/o	undefined
20240120	00:40:52	de5f713d-d947-4385-b191-464723e06349	GET	/css/style.css	undefined
20240120	00:42:06	a56db5ed-7f8b-4784-8762-982910a0295d	GET	/o	undefined
20240120	00:42:06	efa66fa0-8ab7-4fbb-a890-d288dc4f61b0	GET	/css/style.css	undefined
20240120	00:42:10	e4efcbea-d282-4ba4-bc75-1fc3197ac8b7	GET	/	undefined
20240120	00:42:10	e30fc57d-5058-4d1d-9eff-e7887fbf766d	GET	/css/style.css	undefined
20240120	00:42:20	4a8f695c-e67b-4d47-bd75-3e416c167183	GET	/api/v1/users	undefined
20240120	00:42:20	0028e1fd-f536-4d66-8922-a2c8f06c64dc	GET	/api/v1/css/style.css	undefined
20240120	00:42:25	885cebfb-2467-46b6-9d8d-a31a6d73456b	GET	/api/v1/users	undefined
20240120	00:42:25	d66b1412-78bb-4c16-9179-c212cf6dfb7a	GET	/api/v1/css/style.css	undefined
20240120	00:42:34	1429a719-d443-42ee-a13a-51967df981e5	GET	/api/v1/	undefined
20240120	00:42:34	a0117553-bb6f-4144-891a-f8e1e3014471	GET	/api/v1/css/style.css	undefined
20240120	00:42:45	88ace4c8-d8ad-4e6c-a1ab-357a5fc36302	GET	/	undefined
20240120	00:42:45	87bf4aa0-0317-42fa-8e66-d95c4195482e	GET	/css/style.css	undefined
20240120	00:42:45	a95f083b-8d39-4618-8c49-21babbb809a7	GET	/css/style.css	undefined
20240120	00:42:50	d352e7ca-4822-4f22-8e62-27b9776640a7	GET	/	undefined
20240120	00:42:50	f6e5c7da-15cf-44d2-84e7-522a272edf96	GET	/css/style.css	undefined
20240120	00:42:54	e61bbbf2-d514-441d-aa5b-0acd1489e011	GET	/	undefined
20240120	00:42:54	b8f3e32e-6107-4962-9e43-a9834fbd76a5	GET	/css/style.css	undefined
20240120	00:43:00	25f09c2e-6c81-4b64-99d0-3f5a3431283b	GET	/api	undefined
20240120	00:43:00	05f78832-2a2d-4e82-94e1-06e77cc68f93	GET	/css/style.css	undefined
20240120	00:43:00	bf64a9c1-b8f1-4e66-8c0f-91b7923b1abb	GET	/css/style.css	undefined
20240120	00:43:06	39b587c0-5020-4413-9f62-4cd295e4e373	GET	/api/v11	undefined
20240120	00:43:06	4f51ec30-25a9-4e1a-8611-a4ff6fb56d4b	GET	/api/css/style.css	undefined
20240120	00:43:14	b8cc2e16-8e11-4d92-b488-7718b7b40bc6	GET	/api/v1	undefined
20240120	00:43:14	027b5861-a99c-4a9b-84a8-d16a52f08a27	GET	/api/css/style.css	undefined
20240120	00:43:23	1d16b54e-fe4a-4e0e-9992-880e8223bb97	GET	/api/v1/	undefined
20240120	00:43:23	26ecdb71-dd2f-4aa0-a2a0-1eb4d40758a6	GET	/api/v1/css/style.css	undefined
20240120	00:48:02	fd7c3dd7-cc02-4bcb-9677-afbaa4373f3b	GET	/api/v1/	undefined
20240120	00:48:02	405e6191-15d1-4d72-ad94-bba822edc509	GET	/api/v1/css/style.css	undefined
20240120	00:48:03	5dee20d1-d166-4f31-9e3c-f8fd3e84ec7d	GET	/api/v1/	undefined
20240120	00:48:03	b0f380ba-f0e8-4375-9bbc-b576533052d1	GET	/api/v1/css/style.css	undefined
20240120	00:48:03	5a59273f-4849-456f-a462-7b562b1e69ca	GET	/api/v1/	undefined
20240120	00:48:04	02464f47-a5ed-4dbc-bbfe-90869ca6db7d	GET	/api/v1/css/style.css	undefined
20240120	00:48:04	28ab66ce-94a0-4f90-87ac-176abe1da13b	GET	/api/v1/	undefined
20240120	00:48:04	def88dcd-f238-4bf3-9be1-af06d87429b1	GET	/api/v1/css/style.css	undefined
20240120	00:48:05	ec03e2d3-4014-4809-8191-3a64aaed60d1	GET	/api/v1/	undefined
20240120	00:48:05	0a8ac9c9-fd80-4a1d-b54e-c9bc7e85f572	GET	/api/v1/css/style.css	undefined
20240120	00:48:05	b7cd2770-63c4-4b8a-b956-3688273ac64a	GET	/api/v1/	undefined
20240120	00:48:05	f50e82a4-7ee7-49f9-9134-ead493efccbf	GET	/api/v1/css/style.css	undefined
20240120	00:48:06	169574ed-0ff8-4a6e-90b9-a00d865f7871	GET	/api/v1/	undefined
20240120	00:48:06	6c74930c-c1e1-40d1-908c-c98c28324f44	GET	/api/v1/css/style.css	undefined
20240120	00:48:07	65702a13-7773-48ae-bc94-5f42d649ff02	GET	/api/v1/	undefined
20240120	00:48:07	e9c55f24-0010-4bad-aedb-67e3bf1fb075	GET	/api/v1/css/style.css	undefined
20240120	00:48:07	bde7dfa3-68b9-46b8-99e3-ce3349f4b67d	GET	/api/v1/	undefined
20240120	00:48:07	04c4ed57-02ff-46ae-94c0-88124abf4562	GET	/api/v1/css/style.css	undefined
20240120	00:48:08	2ebf010f-107c-4ec3-b7fd-9d5ca777b3a4	GET	/api/v1/	undefined
20240120	00:48:08	45d789c9-bfd5-4366-903f-3d11c3d86148	GET	/api/v1/css/style.css	undefined
20240120	00:48:08	d1ec2803-fdd1-405e-aad2-8177dfea10b4	GET	/api/v1/	undefined
20240120	00:48:08	c296f29b-0e9c-4394-aac6-ecf5a23fbb39	GET	/api/v1/css/style.css	undefined
20240120	00:48:09	64ae1037-d74e-4b96-87d1-af429039ad7b	GET	/api/v1/	undefined
20240120	00:48:09	3bc0660f-f485-4119-b189-ef4fbb799d16	GET	/api/v1/css/style.css	undefined
20240120	00:48:09	6574b73b-32a9-4b5e-bb0e-24f11f256208	GET	/api/v1/	undefined
20240120	00:48:09	7b5cd8ad-1dc1-45b7-bd62-693c2d84093d	GET	/api/v1/css/style.css	undefined
20240120	00:48:10	015ee40d-8da6-4731-85c1-46c8629f3d05	GET	/api/v1/	undefined
20240120	00:48:10	789431be-c979-47dc-b701-a8b2f4c3f853	GET	/api/v1/css/style.css	undefined
20240120	00:48:10	b9d87a05-f98b-4142-b28c-f82cc192e1ec	GET	/api/v1/	undefined
20240120	00:48:10	06aeb9b3-4767-4d2d-b554-d3c09e5b113f	GET	/api/v1/css/style.css	undefined
20240120	00:48:11	4a01da34-2607-476e-b5bd-33c619ba1de7	GET	/api/v1/	undefined
20240120	00:48:11	1fae0a03-a6ce-4226-97aa-10077f3fe7e9	GET	/api/v1/css/style.css	undefined
20240120	00:48:12	f7e407dc-4174-4bb1-8db0-139293779229	GET	/api/v1/	undefined
20240120	00:48:12	9dab8efd-7c66-49be-8f54-1f949b0d476a	GET	/api/v1/css/style.css	undefined
20240120	02:53:00	a407330b-1399-466d-a2f3-2312f3c61b9f	GET	/api/v1/	undefined
20240120	02:53:00	fe6e84f2-d3fa-4021-b491-05315794279b	GET	/api/v1/css/style.css	undefined
20240120	02:53:05	6a70af8b-e98a-4999-b3cf-c113c85aa338	GET	/api/v1	undefined
20240120	02:53:05	ccedbe02-3eb8-46aa-adc5-4cc273f994ea	GET	/api/css/style.css	undefined
20240120	02:53:10	2b0890f9-1cc3-4c60-bc47-b7cf1b5c3890	GET	/api/	undefined
20240120	02:53:10	4a814077-04b2-4787-922a-f2dee59a0bbf	GET	/api/css/style.css	undefined
20240120	02:53:16	f1101069-4c12-4222-b326-2a23eec47afd	GET	/	undefined
20240120	02:53:16	a71b16d1-6a2e-47e4-a989-e7f54fe95cd0	GET	/css/style.css	undefined
20240120	02:53:20	6ad2f169-9687-4c47-a40f-f1fffedcd6e5	GET	/	undefined
20240120	02:53:20	eebb6fa3-cfff-4a05-b16c-d3ac9904c520	GET	/css/style.css	undefined
20240120	02:53:24	dc61afa4-50a0-4d98-b5de-770a2a7824c5	GET	//a	undefined
20240120	02:53:24	460b17e7-16cf-4c9f-8daf-653eefec5d9d	GET	//css/style.css	undefined
20240120	02:53:27	2380ed19-b863-455f-8dcf-92d425eab9e0	GET	//a	undefined
20240120	02:53:27	463f367b-647c-4eb6-aa0a-d5944d2c0570	GET	//css/style.css	undefined
20240120	02:53:28	0013377c-4e43-4820-9a3a-2ed27b0f8a93	GET	//a	undefined
20240120	02:53:28	af0011fd-5b25-4839-8ec2-9e1815bc2142	GET	//css/style.css	undefined
20240120	02:53:29	d38d1436-00d0-42f2-98d8-529c662dbd9d	GET	//a	undefined
20240120	02:53:29	f3977756-f383-4c5d-a8f6-811b6081a39c	GET	//css/style.css	undefined
20240120	02:53:34	caaf59fc-1e40-4936-9772-7d8407bda055	GET	/a	undefined
20240120	02:53:34	8329aa11-3f09-4f07-9a78-e727128248ed	GET	/css/style.css	undefined
20240120	02:53:40	41ba14bd-72f1-4194-9b88-9a2008aaaf84	GET	/	undefined
20240120	02:53:40	edaccc70-83ed-40c8-be71-120dbb997950	GET	/css/style.css	undefined
